
Showing logs for build [32mmeta-simonjamesrowe-sonarqube-m-qllgz-1[0m stage [32mmeta-pipeline[0m and container [32mcredential-initializer[0m
{"level":"info","ts":1615226189.0914028,"caller":"creds-init/main.go:44","msg":"Credentials initialized."}

Showing logs for build [32mmeta-simonjamesrowe-sonarqube-m-qllgz-1[0m stage [32mmeta-pipeline[0m and container [32mworking-dir-initializer[0m

Showing logs for build [32mmeta-simonjamesrowe-sonarqube-m-qllgz-1[0m stage [32mmeta-pipeline[0m and container [32mplace-tools[0m

Showing logs for build [32mmeta-simonjamesrowe-sonarqube-m-qllgz-1[0m stage [32mmeta-pipeline[0m and container [32mstep-git-source-meta-simonjamesrowe-sonarqube-m-qllgz-j9fqf[0m
{"level":"info","ts":1615226199.0003598,"caller":"git/git.go:105","msg":"Successfully cloned https://github.com/simonjamesrowe/sonarqube.git @ master in path /workspace/source"}
{"level":"warn","ts":1615226199.0017707,"caller":"git/git.go:152","msg":"Unexpected error: creating symlink: symlink /tekton/home/.ssh /****/.ssh: file exists"}
{"level":"info","ts":1615226199.1273417,"caller":"git/git.go:133","msg":"Successfully initialized and updated submodules in path /workspace/source"}

Showing logs for build [32mmeta-simonjamesrowe-sonarqube-m-qllgz-1[0m stage [32mmeta-pipeline[0m and container [32mstep-setup-builder-home[0m

Showing logs for build [32mmeta-simonjamesrowe-sonarqube-m-qllgz-1[0m stage [32mmeta-pipeline[0m and container [32mstep-git-merge[0m
Using SHAs from PULL_REFS=master:
WARNING: no SHAs to merge, falling back to initial cloned commit

Showing logs for build [32mmeta-simonjamesrowe-sonarqube-m-qllgz-1[0m stage [32mmeta-pipeline[0m and container [32mstep-merge-pull-refs[0m
SKIP merge-pull-refs: Nothing to merge

Showing logs for build [32mmeta-simonjamesrowe-sonarqube-m-qllgz-1[0m stage [32mmeta-pipeline[0m and container [32mstep-create-effective-pipeline[0m
Effective pipeline written to jenkins-x-effective.yml

Showing logs for build [32mmeta-simonjamesrowe-sonarqube-m-qllgz-1[0m stage [32mmeta-pipeline[0m and container [32mstep-create-tekton-crds[0m
running command: ** step next-version --use-git-tag-only --tag
created new version: 0.0.1 and written to file: ./VERSION
error: error converting YAML to JSON: yaml: line 17: mapping values are not allowed in this context
error: failed to set the version on release pipelines: failed to run '/bin/sh -c ** step next-version --use-git-tag-only --tag' command in directory '/workspace/source', output: ''
[31m
Pipeline failed on stage 'meta-pipeline' : container 'step-create-tekton-crds'. The execution of the pipeline has stopped.[0m
